<?xml version="1.0" encoding="UTF-8"?>
<!-- Generated by org.testng.reporters.JUnitReportReporter -->
<testsuite hostname="BLR1-LTBPKSX52" name="handson_DDF.Transaction" tests="1" failures="0" timestamp="1 Oct 2019 03:47:11 GMT" time="15.816" errors="0">
  <testcase name="transactionSearch" time="15.816" classname="handson_DDF.Transaction"/>
</testsuite> <!-- handson_DDF.Transaction -->
