<?xml version="1.0" encoding="UTF-8"?>
<!-- Generated by org.testng.reporters.JUnitReportReporter -->
<testsuite hostname="BLR1-LTBPKSX52" name="handson_DDF.DataProvider_Example_1" tests="3" failures="0" timestamp="24 May 2019 13:03:09 GMT" time="4.614" errors="0">
  <testcase name="loginPage" time="1.727" classname="handson_DDF.DataProvider_Example_1"/>
  <testcase name="loginPage" time="1.471" classname="handson_DDF.DataProvider_Example_1"/>
  <testcase name="loginPage" time="1.416" classname="handson_DDF.DataProvider_Example_1"/>
</testsuite> <!-- handson_DDF.DataProvider_Example_1 -->
