<?xml version="1.0" encoding="UTF-8"?>
<!-- Generated by org.testng.reporters.JUnitReportReporter -->
<testsuite hostname="BLR1-LTBPKSX52" name="handson_DDF.DataProvider_JXL_Example" tests="4" failures="0" timestamp="27 May 2019 10:39:35 GMT" time="4.565" errors="0">
  <testcase name="loginPage" time="0.985" classname="handson_DDF.DataProvider_JXL_Example"/>
  <testcase name="loginPage" time="0.949" classname="handson_DDF.DataProvider_JXL_Example"/>
  <testcase name="loginPage" time="0.884" classname="handson_DDF.DataProvider_JXL_Example"/>
  <testcase name="loginPage" time="1.747" classname="handson_DDF.DataProvider_JXL_Example"/>
</testsuite> <!-- handson_DDF.DataProvider_JXL_Example -->
